T1824 6493:107 SEGGER J-Link V4.98e Log File (0001ms, 35379ms total)
T1824 6493:107 DLL Compiled: May  5 2015 11:00:52 (0001ms, 35379ms total)
T1824 6493:107 Logging started @ 2016-05-12 21:41 (0001ms, 35379ms total)
T1824 6493:138 JLINK_ExecCommand("Device = AT91SAM4SD32C", ...)Device "ATSAM4SD32C" selected.  returns 0x00 (0001ms, 35380ms total)
T1824 6493:186 JLINK_ExecCommand("ProjectFile = T:\EEN251\EEN251\Codigos\12-TIMER-COUNTER-COMPARE\Timer-Counter\jlink.config", ...)  returns 0x00 (0001ms, 35381ms total)
T1824 6493:198 JLINK_ExecCommand("Device = AT91SAM4SD32C", ...)Device "ATSAM4SD32C" selected.  returns 0x00 (0000ms, 35381ms total)
T1824 6493:198 JLINK_TIF_Select(JLINKARM_TIF_JTAG)  returns 0x00 (0003ms, 35384ms total)
T1824 6493:201 JLINK_GetIdData(...) >0x2F8 JTAG>TotalIRLen = 4, IRPrint = 0x01 >0x30 JTAG> >0x210 JTAG> >0x70 JTAG> >0x40 JTAG> >0x40 JTAG> >0x40 JTAG> >0x48 JTAG> >0x78 JTAG> >0x40 JTAG> >0x30 JTAG> >0x40 JTAG> >0x40 JTAG> >0x30 JTAG> >0x40 JTAG> >0x48 JTAG>Found Cortex-M4 r0p1, Little endian. -- CPU_WriteMem(4 bytes @ 0xE0002000) -- CPU_ReadMem(4 bytes @ 0xE000EDF0) -- CPU_ReadMem(4 bytes @ 0xE0002000)FPUnit: 6 code (BP) slots and 2 literal slots -- CPU_ReadMem(4 bytes @ 0xE000EDFC)
 -- CPU_ReadMem(4 bytes @ 0xE0001000) -- CPU_WriteMem(4 bytes @ 0xE0001000) -- CPU_ReadMem(4 bytes @ 0xE000ED88) -- CPU_WriteMem(4 bytes @ 0xE000ED88) -- CPU_ReadMem(4 bytes @ 0xE000ED88) -- CPU_WriteMem(4 bytes @ 0xE000ED88)CoreSight components:ROMTbl 0 @ E00FF000 -- CPU_ReadMem(16 bytes @ 0xE00FF000) -- CPU_ReadMem(16 bytes @ 0xE000EFF0) -- CPU_ReadMem(16 bytes @ 0xE000EFE0)ROMTbl 0 [0]: FFF0F000, CID: B105E00D, PID: 000BB000 SCS -- CPU_ReadMem(16 bytes @ 0xE0001FF0)
 -- CPU_ReadMem(16 bytes @ 0xE0001FE0)ROMTbl 0 [1]: FFF02000, CID: B105E00D, PID: 003BB002 DWT -- CPU_ReadMem(16 bytes @ 0xE0002FF0) -- CPU_ReadMem(16 bytes @ 0xE0002FE0)ROMTbl 0 [2]: FFF03000, CID: B105E00D, PID: 002BB003 FPB -- CPU_ReadMem(16 bytes @ 0xE0000FF0) -- CPU_ReadMem(16 bytes @ 0xE0000FE0)ROMTbl 0 [3]: FFF01000, CID: B105E00D, PID: 003BB001 ITM -- CPU_ReadMem(16 bytes @ 0xE00FF010) -- CPU_ReadMem(16 bytes @ 0xE0040FF0) -- CPU_ReadMem(16 bytes @ 0xE0040FE0)
ROMTbl 0 [4]: FFF41000, CID: B105900D, PID: 000BB9A1 TPIU ScanLen=4 NumDevices=1 aId[0]=0x4BA00477 aIrRead[0]=0 aScanLen[0]=0 aScanRead[0]=0 (0040ms, 35424ms total)
T1824 6493:241 JLINK_ConfigJTAG(IRPre = 0, DRPre = 0) (0000ms, 35424ms total)
T1824 6493:241 JLINK_SetSpeed(1000) (0001ms, 35425ms total)
T1824 6493:242 JLINK_ResetPullsRESET(OFF) (0000ms, 35425ms total)
T1824 6493:242 JLINK_Connect() >0x2F8 JTAG>TotalIRLen = 4, IRPrint = 0x01 >0x30 JTAG> >0x210 JTAG> >0x70 JTAG> >0x40 JTAG> >0x40 JTAG> >0x40 JTAG> >0x48 JTAG> >0x78 JTAG> >0x40 JTAG> >0x30 JTAG> >0x40 JTAG> >0x40 JTAG> >0x30 JTAG> >0x40 JTAG> >0x48 JTAG>Found Cortex-M4 r0p1, Little endian. -- CPU_WriteMem(4 bytes @ 0xE0002000) -- CPU_ReadMem(4 bytes @ 0xE000EDF0) -- CPU_ReadMem(4 bytes @ 0xE0002000)FPUnit: 6 code (BP) slots and 2 literal slots -- CPU_ReadMem(4 bytes @ 0xE000EDFC)
 -- CPU_ReadMem(4 bytes @ 0xE0001000) -- CPU_WriteMem(4 bytes @ 0xE0001000) -- CPU_ReadMem(4 bytes @ 0xE000ED88) -- CPU_WriteMem(4 bytes @ 0xE000ED88) -- CPU_ReadMem(4 bytes @ 0xE000ED88) -- CPU_WriteMem(4 bytes @ 0xE000ED88)CoreSight components:ROMTbl 0 @ E00FF000 -- CPU_ReadMem(16 bytes @ 0xE00FF000) -- CPU_ReadMem(16 bytes @ 0xE000EFF0) -- CPU_ReadMem(16 bytes @ 0xE000EFE0)ROMTbl 0 [0]: FFF0F000, CID: B105E00D, PID: 000BB000 SCS -- CPU_ReadMem(16 bytes @ 0xE0001FF0)
 -- CPU_ReadMem(16 bytes @ 0xE0001FE0)ROMTbl 0 [1]: FFF02000, CID: B105E00D, PID: 003BB002 DWT -- CPU_ReadMem(16 bytes @ 0xE0002FF0) -- CPU_ReadMem(16 bytes @ 0xE0002FE0)ROMTbl 0 [2]: FFF03000, CID: B105E00D, PID: 002BB003 FPB -- CPU_ReadMem(16 bytes @ 0xE0000FF0) -- CPU_ReadMem(16 bytes @ 0xE0000FE0)ROMTbl 0 [3]: FFF01000, CID: B105E00D, PID: 003BB001 ITM -- CPU_ReadMem(16 bytes @ 0xE00FF010) -- CPU_ReadMem(16 bytes @ 0xE0040FF0) -- CPU_ReadMem(16 bytes @ 0xE0040FE0)
ROMTbl 0 [4]: FFF41000, CID: B105900D, PID: 000BB9A1 TPIU  returns 0x00 (0037ms, 35462ms total)
T1824 6493:279 JLINK_GetDebugInfo(0x100) -- Value=0xE00FF003  returns 0x00 (0000ms, 35462ms total)
T1824 6493:279 JLINK_ReadMem (0xE00FFFF0, 0x0010 Bytes, ...) -- CPU is running -- CPU_ReadMem(16 bytes @ 0xE00FFFF0) - Data: 0D 00 00 00 10 00 00 00 05 00 00 00 B1 00 00 00  returns 0x00 (0002ms, 35464ms total)
T1824 6493:281 JLINK_ReadMem (0xE00FFFD0, 0x0020 Bytes, ...) -- CPU is running -- CPU_ReadMem(32 bytes @ 0xE00FFFD0) - Data: 04 00 00 00 00 00 00 00 00 00 00 00 00 00 00 00 ...  returns 0x00 (0002ms, 35466ms total)
T1824 6493:283 JLINK_ReadMemU32(0xE00FF000, 0x0001 Items, ...) -- CPU is running -- CPU_ReadMem(4 bytes @ 0xE00FF000) - Data: 03 F0 F0 FF  returns 0x01 (0001ms, 35467ms total)
T1824 6493:284 JLINK_ReadMem (0xE000EFF0, 0x0010 Bytes, ...) -- CPU is running -- CPU_ReadMem(16 bytes @ 0xE000EFF0) - Data: 0D 00 00 00 E0 00 00 00 05 00 00 00 B1 00 00 00  returns 0x00 (0001ms, 35468ms total)
T1824 6493:285 JLINK_ReadMem (0xE000EFD0, 0x0020 Bytes, ...) -- CPU is running -- CPU_ReadMem(32 bytes @ 0xE000EFD0) - Data: 04 00 00 00 00 00 00 00 00 00 00 00 00 00 00 00 ...  returns 0x00 (0002ms, 35470ms total)
T1824 6493:287 JLINK_ReadMemU32(0xE00FF004, 0x0001 Items, ...) -- CPU is running -- CPU_ReadMem(4 bytes @ 0xE00FF004) - Data: 03 20 F0 FF  returns 0x01 (0001ms, 35471ms total)
T1824 6493:288 JLINK_ReadMem (0xE0001FF0, 0x0010 Bytes, ...) -- CPU is running -- CPU_ReadMem(16 bytes @ 0xE0001FF0) - Data: 0D 00 00 00 E0 00 00 00 05 00 00 00 B1 00 00 00  returns 0x00 (0001ms, 35472ms total)
T1824 6493:289 JLINK_ReadMem (0xE0001FD0, 0x0020 Bytes, ...) -- CPU is running -- CPU_ReadMem(32 bytes @ 0xE0001FD0) - Data: 04 00 00 00 00 00 00 00 00 00 00 00 00 00 00 00 ...  returns 0x00 (0002ms, 35474ms total)
T1824 6493:291 JLINK_ReadMemU32(0xE00FF008, 0x0001 Items, ...) -- CPU is running -- CPU_ReadMem(4 bytes @ 0xE00FF008) - Data: 03 30 F0 FF  returns 0x01 (0001ms, 35475ms total)
T1824 6493:292 JLINK_ReadMem (0xE0002FF0, 0x0010 Bytes, ...) -- CPU is running -- CPU_ReadMem(16 bytes @ 0xE0002FF0) - Data: 0D 00 00 00 E0 00 00 00 05 00 00 00 B1 00 00 00  returns 0x00 (0001ms, 35476ms total)
T1824 6493:293 JLINK_ReadMem (0xE0002FD0, 0x0020 Bytes, ...) -- CPU is running -- CPU_ReadMem(32 bytes @ 0xE0002FD0) - Data: 04 00 00 00 00 00 00 00 00 00 00 00 00 00 00 00 ...  returns 0x00 (0002ms, 35478ms total)
T1824 6493:295 JLINK_ReadMemU32(0xE00FF00C, 0x0001 Items, ...) -- CPU is running -- CPU_ReadMem(4 bytes @ 0xE00FF00C) - Data: 03 10 F0 FF  returns 0x01 (0001ms, 35479ms total)
T1824 6493:296 JLINK_ReadMem (0xE0000FF0, 0x0010 Bytes, ...) -- CPU is running -- CPU_ReadMem(16 bytes @ 0xE0000FF0) - Data: 0D 00 00 00 E0 00 00 00 05 00 00 00 B1 00 00 00  returns 0x00 (0001ms, 35480ms total)
T1824 6493:297 JLINK_ReadMem (0xE0000FD0, 0x0020 Bytes, ...) -- CPU is running -- CPU_ReadMem(32 bytes @ 0xE0000FD0) - Data: 04 00 00 00 00 00 00 00 00 00 00 00 00 00 00 00 ...  returns 0x00 (0002ms, 35482ms total)
T1824 6493:299 JLINK_ReadMemU32(0xE00FF010, 0x0001 Items, ...) -- CPU is running -- CPU_ReadMem(4 bytes @ 0xE00FF010) - Data: 03 10 F4 FF  returns 0x01 (0001ms, 35483ms total)
T1824 6493:300 JLINK_ReadMem (0xE0040FF0, 0x0010 Bytes, ...) -- CPU is running -- CPU_ReadMem(16 bytes @ 0xE0040FF0) - Data: 0D 00 00 00 90 00 00 00 05 00 00 00 B1 00 00 00  returns 0x00 (0001ms, 35484ms total)
T1824 6493:301 JLINK_ReadMem (0xE0040FD0, 0x0020 Bytes, ...) -- CPU is running -- CPU_ReadMem(32 bytes @ 0xE0040FD0) - Data: 04 00 00 00 00 00 00 00 00 00 00 00 00 00 00 00 ...  returns 0x00 (0001ms, 35485ms total)
T1824 6493:302 JLINK_ReadMemU32(0xE00FF014, 0x0001 Items, ...) -- CPU is running -- CPU_ReadMem(4 bytes @ 0xE00FF014) - Data: 02 20 F4 FF  returns 0x01 (0002ms, 35487ms total)
T1824 6493:304 JLINK_ReadMemU32(0xE00FF018, 0x0001 Items, ...) -- CPU is running -- CPU_ReadMem(4 bytes @ 0xE00FF018) - Data: 00 00 00 00  returns 0x01 (0001ms, 35488ms total)
T1824 6493:305 JLINK_ReadMem (0xE0001000, 0x0004 Bytes, ...) -- CPU is running -- CPU_ReadMem(4 bytes @ 0xE0001000) - Data: 01 00 00 40  returns 0x00 (0001ms, 35489ms total)
T1824 6493:306 JLINK_ReadMem (0xE0001000, 0x0004 Bytes, ...) -- CPU is running -- CPU_ReadMem(4 bytes @ 0xE0001000) - Data: 01 00 00 40  returns 0x00 (0001ms, 35490ms total)
T1824 6493:307 JLINK_ReadMem (0xE0001028, 0x0004 Bytes, ...) -- CPU is running -- CPU_ReadMem(4 bytes @ 0xE0001028) - Data: 00 00 00 00  returns 0x00 (0001ms, 35491ms total)
T1824 6493:308 JLINK_WriteMem(0xE0001028, 0x0004 Bytes, ...) - Data: 00 01 00 00 -- CPU is running -- CPU_WriteMem(4 bytes @ 0xE0001028)  returns 0x04 (0001ms, 35492ms total)
T1824 6493:309 JLINK_ReadMem (0xE0001028, 0x0004 Bytes, ...) -- CPU is running -- CPU_ReadMem(4 bytes @ 0xE0001028) - Data: 00 00 00 00  returns 0x00 (0001ms, 35493ms total)
T1824 6493:310 JLINK_ReadMem (0xE0001038, 0x0004 Bytes, ...) -- CPU is running -- CPU_ReadMem(4 bytes @ 0xE0001038) - Data: 00 02 00 00  returns 0x00 (0001ms, 35494ms total)
T1824 6493:311 JLINK_WriteMem(0xE0001038, 0x0004 Bytes, ...) - Data: 00 03 00 00 -- CPU is running -- CPU_WriteMem(4 bytes @ 0xE0001038)  returns 0x04 (0001ms, 35495ms total)
T1824 6493:312 JLINK_ReadMem (0xE0001038, 0x0004 Bytes, ...) -- CPU is running -- CPU_ReadMem(4 bytes @ 0xE0001038) - Data: 00 03 00 00  returns 0x00 (0001ms, 35496ms total)
T1824 6493:313 JLINK_ReadMem (0xE0001048, 0x0004 Bytes, ...) -- CPU is running -- CPU_ReadMem(4 bytes @ 0xE0001048) - Data: 00 00 00 00  returns 0x00 (0002ms, 35498ms total)
T1824 6493:315 JLINK_WriteMem(0xE0001048, 0x0004 Bytes, ...) - Data: 00 01 00 00 -- CPU is running -- CPU_WriteMem(4 bytes @ 0xE0001048)  returns 0x04 (0001ms, 35499ms total)
T1824 6493:316 JLINK_ReadMem (0xE0001048, 0x0004 Bytes, ...) -- CPU is running -- CPU_ReadMem(4 bytes @ 0xE0001048) - Data: 00 00 00 00  returns 0x00 (0001ms, 35500ms total)
T1824 6493:317 JLINK_ReadMem (0xE0001058, 0x0004 Bytes, ...) -- CPU is running -- CPU_ReadMem(4 bytes @ 0xE0001058) - Data: 00 00 00 00  returns 0x00 (0001ms, 35501ms total)
T1824 6493:318 JLINK_WriteMem(0xE0001058, 0x0004 Bytes, ...) - Data: 00 01 00 00 -- CPU is running -- CPU_WriteMem(4 bytes @ 0xE0001058)  returns 0x04 (0001ms, 35502ms total)
T1824 6493:319 JLINK_ReadMem (0xE0001058, 0x0004 Bytes, ...) -- CPU is running -- CPU_ReadMem(4 bytes @ 0xE0001058) - Data: 00 00 00 00  returns 0x00 (0002ms, 35504ms total)
T1824 6493:321 JLINK_ReadMem (0xE0001024, 0x0004 Bytes, ...) -- CPU is running -- CPU_ReadMem(4 bytes @ 0xE0001024) - Data: 00 00 00 00  returns 0x00 (0001ms, 35505ms total)
T1824 6493:322 JLINK_WriteMem(0xE0001024, 0x0004 Bytes, ...) - Data: 1F 00 00 00 -- CPU is running -- CPU_WriteMem(4 bytes @ 0xE0001024)  returns 0x04 (0001ms, 35506ms total)
T1824 6493:323 JLINK_ReadMem (0xE0001024, 0x0004 Bytes, ...) -- CPU is running -- CPU_ReadMem(4 bytes @ 0xE0001024) - Data: 0F 00 00 00  returns 0x00 (0001ms, 35507ms total)
T1824 6493:324 JLINK_ReadMem (0xE0001034, 0x0004 Bytes, ...) -- CPU is running -- CPU_ReadMem(4 bytes @ 0xE0001034) - Data: 00 00 00 00  returns 0x00 (0001ms, 35508ms total)
T1824 6493:325 JLINK_WriteMem(0xE0001034, 0x0004 Bytes, ...) - Data: 1F 00 00 00 -- CPU is running -- CPU_WriteMem(4 bytes @ 0xE0001034)  returns 0x04 (0001ms, 35509ms total)
T1824 6493:327 JLINK_ReadMem (0xE0001034, 0x0004 Bytes, ...) -- CPU is running -- CPU_ReadMem(4 bytes @ 0xE0001034) - Data: 0F 00 00 00  returns 0x00 (0001ms, 35511ms total)
T1824 6493:328 JLINK_ReadMem (0xE0001044, 0x0004 Bytes, ...) -- CPU is running -- CPU_ReadMem(4 bytes @ 0xE0001044) - Data: 00 00 00 00  returns 0x00 (0001ms, 35512ms total)
T1824 6493:329 JLINK_WriteMem(0xE0001044, 0x0004 Bytes, ...) - Data: 1F 00 00 00 -- CPU is running -- CPU_WriteMem(4 bytes @ 0xE0001044)  returns 0x04 (0001ms, 35513ms total)
T1824 6493:330 JLINK_ReadMem (0xE0001044, 0x0004 Bytes, ...) -- CPU is running -- CPU_ReadMem(4 bytes @ 0xE0001044) - Data: 0F 00 00 00  returns 0x00 (0002ms, 35515ms total)
T1824 6493:332 JLINK_ReadMem (0xE0001054, 0x0004 Bytes, ...) -- CPU is running -- CPU_ReadMem(4 bytes @ 0xE0001054) - Data: 00 00 00 00  returns 0x00 (0001ms, 35516ms total)
T1824 6493:333 JLINK_WriteMem(0xE0001054, 0x0004 Bytes, ...) - Data: 1F 00 00 00 -- CPU is running -- CPU_WriteMem(4 bytes @ 0xE0001054)  returns 0x04 (0001ms, 35517ms total)
T1824 6493:334 JLINK_ReadMem (0xE0001054, 0x0004 Bytes, ...) -- CPU is running -- CPU_ReadMem(4 bytes @ 0xE0001054) - Data: 0F 00 00 00  returns 0x00 (0002ms, 35519ms total)
T1824 6493:336 JLINK_ReadMem (0xE0001028, 0x0004 Bytes, ...) -- CPU is running -- CPU_ReadMem(4 bytes @ 0xE0001028) - Data: 00 00 00 00  returns 0x00 (0001ms, 35520ms total)
T1824 6493:337 JLINK_ReadMem (0xE0001038, 0x0004 Bytes, ...) -- CPU is running -- CPU_ReadMem(4 bytes @ 0xE0001038) - Data: 00 03 00 00  returns 0x00 (0001ms, 35521ms total)
T1824 6493:338 JLINK_ReadMem (0xE0001048, 0x0004 Bytes, ...) -- CPU is running -- CPU_ReadMem(4 bytes @ 0xE0001048) - Data: 00 00 00 00  returns 0x00 (0002ms, 35523ms total)
T1824 6493:340 JLINK_ReadMem (0xE0001058, 0x0004 Bytes, ...) -- CPU is running -- CPU_ReadMem(4 bytes @ 0xE0001058) - Data: 00 00 00 00  returns 0x00 (0001ms, 35524ms total)
T1824 6493:341 JLINK_WriteMem(0xE0001020, 0x0004 Bytes, ...) - Data: 00 00 00 00 -- CPU is running -- CPU_WriteMem(4 bytes @ 0xE0001020)  returns 0x04 (0001ms, 35525ms total)
T1824 6493:342 JLINK_WriteMem(0xE0001024, 0x0004 Bytes, ...) - Data: 00 00 00 00 -- CPU is running -- CPU_WriteMem(4 bytes @ 0xE0001024)  returns 0x04 (0001ms, 35526ms total)
T1824 6493:343 JLINK_WriteMem(0xE0001028, 0x0004 Bytes, ...) - Data: 00 00 00 00 -- CPU is running -- CPU_WriteMem(4 bytes @ 0xE0001028)  returns 0x04 (0001ms, 35527ms total)
T1824 6493:344 JLINK_WriteMem(0xE0001030, 0x0004 Bytes, ...) - Data: 00 00 00 00 -- CPU is running -- CPU_WriteMem(4 bytes @ 0xE0001030)  returns 0x04 (0001ms, 35528ms total)
T1824 6493:345 JLINK_WriteMem(0xE0001034, 0x0004 Bytes, ...) - Data: 00 00 00 00 -- CPU is running -- CPU_WriteMem(4 bytes @ 0xE0001034)  returns 0x04 (0001ms, 35529ms total)
T1824 6493:346 JLINK_WriteMem(0xE0001038, 0x0004 Bytes, ...) - Data: 00 00 00 00 -- CPU is running -- CPU_WriteMem(4 bytes @ 0xE0001038)  returns 0x04 (0001ms, 35530ms total)
T1824 6493:347 JLINK_WriteMem(0xE0001040, 0x0004 Bytes, ...) - Data: 00 00 00 00 -- CPU is running -- CPU_WriteMem(4 bytes @ 0xE0001040)  returns 0x04 (0001ms, 35531ms total)
T1824 6493:348 JLINK_WriteMem(0xE0001044, 0x0004 Bytes, ...) - Data: 00 00 00 00 -- CPU is running -- CPU_WriteMem(4 bytes @ 0xE0001044)  returns 0x04 (0001ms, 35532ms total)
T1824 6493:349 JLINK_WriteMem(0xE0001048, 0x0004 Bytes, ...) - Data: 00 00 00 00 -- CPU is running -- CPU_WriteMem(4 bytes @ 0xE0001048)  returns 0x04 (0001ms, 35533ms total)
T1824 6493:350 JLINK_WriteMem(0xE0001050, 0x0004 Bytes, ...) - Data: 00 00 00 00 -- CPU is running -- CPU_WriteMem(4 bytes @ 0xE0001050)  returns 0x04 (0001ms, 35534ms total)
T1824 6493:351 JLINK_WriteMem(0xE0001054, 0x0004 Bytes, ...) - Data: 00 00 00 00 -- CPU is running -- CPU_WriteMem(4 bytes @ 0xE0001054)  returns 0x04 (0001ms, 35535ms total)
T1824 6493:352 JLINK_WriteMem(0xE0001058, 0x0004 Bytes, ...) - Data: 00 00 00 00 -- CPU is running -- CPU_WriteMem(4 bytes @ 0xE0001058)  returns 0x04 (0001ms, 35536ms total)
T1824 6493:353 JLINK_Halt()  returns 0x00 (0009ms, 35545ms total)
T1824 6493:362 JLINK_WriteMem(0x400E0A04, 0x0004 Bytes, ...) - Data: 0B 01 00 5A -- CPU_WriteMem(4 bytes @ 0x400E0A04)  returns 0x04 (0001ms, 35546ms total)
T1824 6493:363 JLINK_ReadMem (0x400E0A08, 0x0004 Bytes, ...) -- CPU_ReadMem(4 bytes @ 0x400E0A08) - Data: 01 00 00 00  returns 0x00 (0002ms, 35548ms total)
T1824 6493:365 JLINK_WriteMem(0x400E0A04, 0x0004 Bytes, ...) - Data: 0C 02 00 5A -- CPU_WriteMem(4 bytes @ 0x400E0A04)  returns 0x04 (0001ms, 35549ms total)
T1824 6493:366 JLINK_ReadMem (0x400E0A08, 0x0004 Bytes, ...) -- CPU_ReadMem(4 bytes @ 0x400E0A08) - Data: 01 00 00 00  returns 0x00 (0001ms, 35550ms total)
T1824 6493:367 JLINK_Reset() -- CPU_ReadMem(16 bytes @ 0x20000000) -- CPU_WriteMem(16 bytes @ 0x20000000) -- CPU_ReadMem(4 bytes @ 0xE000EDFC) -- CPU_WriteMem(4 bytes @ 0xE000EDFC) -- CPU_ReadMem(4 bytes @ 0xE0001000) -- CPU_WriteMem(4 bytes @ 0xE000EDFC) -- CPU_WriteMem(16 bytes @ 0x20000000) -- CPU_WriteMem(4 bytes @ 0xE0002000) -- CPU_ReadMem(4 bytes @ 0xE000EDFC) -- CPU_ReadMem(4 bytes @ 0xE0001000) (0042ms, 35592ms total)
T1824 6493:413 JLINK_JTAG_GetDeviceID(DeviceIndex = 0)  returns 0x4BA00477 (0000ms, 35592ms total)
T1824 6493:413 JLINK_ReadMemU32(0x400E0740, 0x0001 Items, ...) -- CPU_ReadMem(4 bytes @ 0x400E0740) - Data: E0 0E A7 29  returns 0x01 (0001ms, 35593ms total)
T1824 6493:414 JLINK_ReadMemU32(0x400E0744, 0x0001 Items, ...) -- CPU_ReadMem(4 bytes @ 0x400E0744) - Data: 00 00 00 00  returns 0x01 (0002ms, 35595ms total)
T1824 6493:416 JLINK_WriteMem(0x400E0A04, 0x0004 Bytes, ...) - Data: 05 00 00 5A -- CPU_WriteMem(4 bytes @ 0x400E0A04)  returns 0x04 (0001ms, 35596ms total)
T1824 6493:417 JLINK_WriteMem(0x400E0C04, 0x0004 Bytes, ...) - Data: 05 00 00 5A -- CPU_WriteMem(4 bytes @ 0x400E0C04)  returns 0x04 (0001ms, 35597ms total)
T1824 6493:418 JLINK_ReadMem (0x400E0A08, 0x0004 Bytes, ...) -- CPU_ReadMem(4 bytes @ 0x400E0A08) - Data: 00 00 00 00  returns 0x00 (0002ms, 35599ms total)
T06B4 6493:420 JLINK_IsHalted()  returns TRUE (0000ms, 35599ms total)
T06B4 6493:420 JLINK_GetMOEs(...) -- CPU_ReadMem(4 bytes @ 0xE000ED30) -- CPU_WriteMem(4 bytes @ 0xE000ED30)  returns 0x01 (0002ms, 35601ms total)
T1824 6493:422 JLINK_ReadMem (0x400E0A08, 0x0004 Bytes, ...) -- CPU_ReadMem(4 bytes @ 0x400E0A08) - Data: 00 00 00 00  returns 0x00 (0002ms, 35603ms total)
T06B4 6493:424 JLINK_ReadReg(R15 (PC))  returns 0x00400BEC (0000ms, 35603ms total)
T1824 6493:428 JLINK_ReadMem (0x400E0A08, 0x0004 Bytes, ...) -- CPU_ReadMem(4 bytes @ 0x400E0A08) - Data: 00 00 00 00  returns 0x00 (0001ms, 35604ms total)
T1824 6493:445 JLINK_ReadMem (0x400E0A08, 0x0004 Bytes, ...) -- CPU_ReadMem(4 bytes @ 0x400E0A08) - Data: 00 00 00 00  returns 0x00 (0001ms, 35605ms total)
T1824 6493:510 JLINK_ReadMem (0x400E0A08, 0x0004 Bytes, ...) -- CPU_ReadMem(4 bytes @ 0x400E0A08) - Data: 00 00 00 00  returns 0x00 (0001ms, 35606ms total)
T06B4 6493:624 JLINK_IsHalted()  returns TRUE (0000ms, 35606ms total)
T1824 6493:767 JLINK_ReadMem (0x400E0A08, 0x0004 Bytes, ...) -- CPU_ReadMem(4 bytes @ 0x400E0A08) - Data: 00 00 00 00  returns 0x00 (0001ms, 35607ms total)
T06B4 6493:824 JLINK_IsHalted()  returns TRUE (0000ms, 35607ms total)
T06B4 6494:024 JLINK_IsHalted()  returns TRUE (0001ms, 35608ms total)
T06B4 6494:225 JLINK_IsHalted()  returns TRUE (0000ms, 35607ms total)
T06B4 6494:425 JLINK_IsHalted()  returns TRUE (0000ms, 35607ms total)
T06B4 6494:625 JLINK_IsHalted()  returns TRUE (0001ms, 35608ms total)
T1824 6494:768 JLINK_ReadMem (0x400E0A08, 0x0004 Bytes, ...) -- CPU_ReadMem(4 bytes @ 0x400E0A08) - Data: 00 00 00 00  returns 0x00 (0001ms, 35608ms total)
T1824 6494:770 JLINK_ReadMem (0x400E0C08, 0x0004 Bytes, ...) -- CPU_ReadMem(4 bytes @ 0x400E0C08) - Data: 00 00 00 00  returns 0x00 (0001ms, 35609ms total)
T1824 6494:772 JLINK_ReadMem (0x400E0C08, 0x0004 Bytes, ...) -- CPU_ReadMem(4 bytes @ 0x400E0C08) - Data: 00 00 00 00  returns 0x00 (0001ms, 35610ms total)
T1824 6494:777 JLINK_ReadMem (0x400E0C08, 0x0004 Bytes, ...) -- CPU_ReadMem(4 bytes @ 0x400E0C08) - Data: 00 00 00 00  returns 0x00 (0002ms, 35612ms total)
T1824 6494:795 JLINK_ReadMem (0x400E0C08, 0x0004 Bytes, ...) -- CPU_ReadMem(4 bytes @ 0x400E0C08) - Data: 00 00 00 00  returns 0x00 (0001ms, 35613ms total)
T06B4 6494:826 JLINK_IsHalted()  returns TRUE (0000ms, 35613ms total)
T1824 6494:860 JLINK_ReadMem (0x400E0C08, 0x0004 Bytes, ...) -- CPU_ReadMem(4 bytes @ 0x400E0C08) - Data: 00 00 00 00  returns 0x00 (0001ms, 35614ms total)
T06B4 6495:026 JLINK_IsHalted()  returns TRUE (0000ms, 35614ms total)
T1824 6495:117 JLINK_ReadMem (0x400E0C08, 0x0004 Bytes, ...) -- CPU_ReadMem(4 bytes @ 0x400E0C08) - Data: 00 00 00 00  returns 0x00 (0001ms, 35615ms total)
T06B4 6495:226 JLINK_IsHalted()  returns TRUE (0001ms, 35616ms total)
T06B4 6495:427 JLINK_IsHalted()  returns TRUE (0000ms, 35615ms total)
T06B4 6495:627 JLINK_IsHalted()  returns TRUE (0000ms, 35615ms total)
T06B4 6495:827 JLINK_IsHalted()  returns TRUE (0001ms, 35616ms total)
T06B4 6496:028 JLINK_IsHalted()  returns TRUE (0000ms, 35615ms total)
T1824 6496:118 JLINK_ReadMem (0x400E0C08, 0x0004 Bytes, ...) -- CPU_ReadMem(4 bytes @ 0x400E0C08) - Data: 00 00 00 00  returns 0x00 (0001ms, 35616ms total)
T1824 6496:120 JLINK_ReadMem (0x400E0A08, 0x0004 Bytes, ...) -- CPU_ReadMem(4 bytes @ 0x400E0A08) - Data: 00 00 00 00  returns 0x00 (0001ms, 35617ms total)
T1824 6496:122 JLINK_ReadMem (0x400E0A08, 0x0004 Bytes, ...) -- CPU_ReadMem(4 bytes @ 0x400E0A08) - Data: 00 00 00 00  returns 0x00 (0001ms, 35618ms total)
T1824 6496:127 JLINK_ReadMem (0x400E0A08, 0x0004 Bytes, ...) -- CPU_ReadMem(4 bytes @ 0x400E0A08) - Data: 00 00 00 00  returns 0x00 (0001ms, 35619ms total)
T1824 6496:144 JLINK_ReadMem (0x400E0A08, 0x0004 Bytes, ...) -- CPU_ReadMem(4 bytes @ 0x400E0A08) - Data: 00 00 00 00  returns 0x00 (0001ms, 35620ms total)
T1824 6496:209 JLINK_ReadMem (0x400E0A08, 0x0004 Bytes, ...) -- CPU_ReadMem(4 bytes @ 0x400E0A08) - Data: 00 00 00 00  returns 0x00 (0001ms, 35621ms total)
T06B4 6496:228 JLINK_IsHalted()  returns TRUE (0000ms, 35621ms total)
T06B4 6496:428 JLINK_IsHalted()  returns TRUE (0002ms, 35623ms total)
T1824 6496:466 JLINK_ReadMem (0x400E0A08, 0x0004 Bytes, ...) -- CPU_ReadMem(4 bytes @ 0x400E0A08) - Data: 00 00 00 00  returns 0x00 (0001ms, 35622ms total)
T06B4 6496:630 JLINK_IsHalted()  returns TRUE (0000ms, 35622ms total)
T06B4 6496:830 JLINK_IsHalted()  returns TRUE (0000ms, 35622ms total)
T06B4 6497:030 JLINK_IsHalted()  returns TRUE (0001ms, 35623ms total)
T06B4 6497:231 JLINK_IsHalted()  returns TRUE (0000ms, 35622ms total)
T06B4 6497:431 JLINK_IsHalted()  returns TRUE (0000ms, 35622ms total)
T1824 6497:467 JLINK_ReadMem (0x400E0A08, 0x0004 Bytes, ...) -- CPU_ReadMem(4 bytes @ 0x400E0A08) - Data: 00 00 00 00  returns 0x00 (0001ms, 35623ms total)
T1824 6497:468 JLINK_ReadMem (0x400E0C08, 0x0004 Bytes, ...) -- CPU_ReadMem(4 bytes @ 0x400E0C08) - Data: 01 00 00 00  returns 0x00 (0002ms, 35625ms total)
T1824 6497:470 JLINK_ReadMem (0x400E0A08, 0x0004 Bytes, ...) -- CPU_ReadMem(4 bytes @ 0x400E0A08) - Data: 00 00 00 00  returns 0x00 (0001ms, 35626ms total)
T1824 6497:472 JLINK_ReadMem (0x400E0A08, 0x0004 Bytes, ...) -- CPU_ReadMem(4 bytes @ 0x400E0A08) - Data: 00 00 00 00  returns 0x00 (0001ms, 35627ms total)
T1824 6497:477 JLINK_ReadMem (0x400E0A08, 0x0004 Bytes, ...) -- CPU_ReadMem(4 bytes @ 0x400E0A08) - Data: 00 00 00 00  returns 0x00 (0001ms, 35628ms total)
T1824 6497:494 JLINK_ReadMem (0x400E0A08, 0x0004 Bytes, ...) -- CPU_ReadMem(4 bytes @ 0x400E0A08) - Data: 00 00 00 00  returns 0x00 (0001ms, 35629ms total)
T1824 6497:559 JLINK_ReadMem (0x400E0A08, 0x0004 Bytes, ...) -- CPU_ReadMem(4 bytes @ 0x400E0A08) - Data: 00 00 00 00  returns 0x00 (0001ms, 35630ms total)
T06B4 6497:631 JLINK_IsHalted()  returns TRUE (0001ms, 35631ms total)
T1824 6497:816 JLINK_ReadMem (0x400E0A08, 0x0004 Bytes, ...) -- CPU_ReadMem(4 bytes @ 0x400E0A08) - Data: 01 00 00 00  returns 0x00 (0001ms, 35631ms total)
T06B4 6497:832 JLINK_IsHalted()  returns TRUE (0000ms, 35631ms total)
T1824 6497:832 JLINK_ResetPullsRESET(ON) (0001ms, 35632ms total)
T1824 6497:833 JLINK_ResetNoHalt() >0x2F8 JTAG>TotalIRLen = 4, IRPrint = 0x01 >0x30 JTAG> >0x210 JTAG> >0x70 JTAG> >0x40 JTAG> >0x40 JTAG> >0x40 JTAG> >0x48 JTAG> >0x78 JTAG> >0x40 JTAG> >0x30 JTAG> >0x40 JTAG> >0x40 JTAG> >0x30 JTAG> >0x40 JTAG> >0x48 JTAG>Found Cortex-M4 r0p1, Little endian. -- CPU_WriteMem(4 bytes @ 0xE0002000) -- CPU_ReadMem(4 bytes @ 0xE000EDF0) -- CPU_ReadMem(4 bytes @ 0xE0002000)FPUnit: 6 code (BP) slots and 2 literal slots -- CPU_ReadMem(4 bytes @ 0xE000EDFC)
 -- CPU_ReadMem(4 bytes @ 0xE0001000) -- CPU_ReadMem(4 bytes @ 0xE000ED88) -- CPU_WriteMem(4 bytes @ 0xE000ED88) -- CPU_ReadMem(4 bytes @ 0xE000ED88) -- CPU_WriteMem(4 bytes @ 0xE000ED88)CoreSight components:ROMTbl 0 @ E00FF000 -- CPU_ReadMem(16 bytes @ 0xE00FF000) -- CPU_ReadMem(16 bytes @ 0xE000EFF0) -- CPU_ReadMem(16 bytes @ 0xE000EFE0)ROMTbl 0 [0]: FFF0F000, CID: B105E00D, PID: 000BB000 SCS -- CPU_WriteMem(4 bytes @ 0xE0001000) -- CPU_ReadMem(16 bytes @ 0xE0001FF0)
 -- CPU_ReadMem(16 bytes @ 0xE0001FE0)ROMTbl 0 [1]: FFF02000, CID: B105E00D, PID: 003BB002 DWT -- CPU_ReadMem(16 bytes @ 0xE0002FF0) -- CPU_ReadMem(16 bytes @ 0xE0002FE0)ROMTbl 0 [2]: FFF03000, CID: B105E00D, PID: 002BB003 FPB -- CPU_ReadMem(16 bytes @ 0xE0000FF0) -- CPU_ReadMem(16 bytes @ 0xE0000FE0)ROMTbl 0 [3]: FFF01000, CID: B105E00D, PID: 003BB001 ITM -- CPU_ReadMem(16 bytes @ 0xE00FF010) -- CPU_ReadMem(16 bytes @ 0xE0040FF0) -- CPU_ReadMem(16 bytes @ 0xE0040FE0)
ROMTbl 0 [4]: FFF41000, CID: B105900D, PID: 000BB9A1 TPIU
                JLINK_Reset() -- CPU_ReadMem(16 bytes @ 0x20000000) -- CPU_WriteMem(16 bytes @ 0x20000000) -- CPU_ReadMem(4 bytes @ 0xE000EDFC) -- CPU_WriteMem(4 bytes @ 0xE000EDFC) -- CPU_ReadMem(4 bytes @ 0xE0001000) -- CPU_WriteMem(4 bytes @ 0xE0001004) -- CPU_WriteMem(4 bytes @ 0xE000EDFC) -- CPU_WriteMem(16 bytes @ 0x20000000) -- CPU_WriteMem(4 bytes @ 0xE0002000) -- CPU_ReadMem(4 bytes @ 0xE000EDFC) -- CPU_ReadMem(4 bytes @ 0xE0001000) (0041ms, 0041ms total)
                JLINK_Go() -- CPU_ReadMem(4 bytes @ 0xE0001000) -- CPU_WriteMem(4 bytes @ 0xE0001004) (0004ms, 0045ms total)
               (0090ms, 35722ms total)
T1824 6497:924 JLINK_ExecCommand("ProjectFile = T:\EEN251\EEN251\Codigos\12-TIMER-COUNTER-COMPARE\Timer-Counter\jlink.config", ...)  returns 0x00 (0001ms, 35723ms total)
T1824 6497:938 JLINK_ExecCommand("Device = AT91SAM4SD32C", ...)Device "ATSAM4SD32C" selected.  returns 0x00 (0001ms, 35724ms total)
T1824 6497:939 JLINK_TIF_Select(JLINKARM_TIF_JTAG)  returns 0x00 (0000ms, 35724ms total)
T1824 6497:939 JLINK_GetIdData(...) ScanLen=4 NumDevices=1 aId[0]=0x4BA00477 aIrRead[0]=0 aScanLen[0]=0 aScanRead[0]=0 (0000ms, 35724ms total)
T1824 6497:939 JLINK_ConfigJTAG(IRPre = 0, DRPre = 0) (0000ms, 35724ms total)
T1824 6497:939 JLINK_SetSpeed(4000) (0001ms, 35725ms total)
T1824 6497:940 JLINK_ResetPullsRESET(OFF) (0000ms, 35725ms total)
T1824 6497:940 JLINK_Connect() >0x2F8 JTAG>TotalIRLen = 4, IRPrint = 0x01 >0x30 JTAG> >0x210 JTAG> >0x70 JTAG> >0x40 JTAG> >0x40 JTAG> >0x40 JTAG> >0x48 JTAG> >0x78 JTAG> >0x40 JTAG> >0x30 JTAG> >0x40 JTAG> >0x40 JTAG> >0x30 JTAG> >0x40 JTAG> >0x48 JTAG>Found Cortex-M4 r0p1, Little endian. -- CPU_WriteMem(4 bytes @ 0xE0002000) -- CPU_ReadMem(4 bytes @ 0xE000EDF0) -- CPU_ReadMem(4 bytes @ 0xE0002000)FPUnit: 6 code (BP) slots and 2 literal slots -- CPU_ReadMem(4 bytes @ 0xE000EDFC)
 -- CPU_ReadMem(4 bytes @ 0xE0001000) -- CPU_WriteMem(4 bytes @ 0xE0001000) -- CPU_ReadMem(4 bytes @ 0xE000ED88) -- CPU_WriteMem(4 bytes @ 0xE000ED88) -- CPU_ReadMem(4 bytes @ 0xE000ED88) -- CPU_WriteMem(4 bytes @ 0xE000ED88)CoreSight components:ROMTbl 0 @ E00FF000 -- CPU_ReadMem(16 bytes @ 0xE00FF000) -- CPU_ReadMem(16 bytes @ 0xE000EFF0) -- CPU_ReadMem(16 bytes @ 0xE000EFE0)ROMTbl 0 [0]: FFF0F000, CID: B105E00D, PID: 000BB000 SCS -- CPU_ReadMem(16 bytes @ 0xE0001FF0)
 -- CPU_ReadMem(16 bytes @ 0xE0001FE0)ROMTbl 0 [1]: FFF02000, CID: B105E00D, PID: 003BB002 DWT -- CPU_ReadMem(16 bytes @ 0xE0002FF0) -- CPU_ReadMem(16 bytes @ 0xE0002FE0)ROMTbl 0 [2]: FFF03000, CID: B105E00D, PID: 002BB003 FPB -- CPU_ReadMem(16 bytes @ 0xE0000FF0) -- CPU_ReadMem(16 bytes @ 0xE0000FE0)ROMTbl 0 [3]: FFF01000, CID: B105E00D, PID: 003BB001 ITM -- CPU_ReadMem(16 bytes @ 0xE00FF010) -- CPU_ReadMem(16 bytes @ 0xE0040FF0) -- CPU_ReadMem(16 bytes @ 0xE0040FE0)
ROMTbl 0 [4]: FFF41000, CID: B105900D, PID: 000BB9A1 TPIU  returns 0x00 (0032ms, 35757ms total)
T1824 6497:972 JLINK_WriteMem(0xE0001020, 0x0004 Bytes, ...) - Data: 00 00 00 00 -- CPU is running -- CPU_WriteMem(4 bytes @ 0xE0001020)  returns 0x04 (0001ms, 35758ms total)
T1824 6497:973 JLINK_WriteMem(0xE0001024, 0x0004 Bytes, ...) - Data: 00 00 00 00 -- CPU is running -- CPU_WriteMem(4 bytes @ 0xE0001024)  returns 0x04 (0001ms, 35759ms total)
T1824 6497:974 JLINK_WriteMem(0xE0001028, 0x0004 Bytes, ...) - Data: 00 00 00 00 -- CPU is running -- CPU_WriteMem(4 bytes @ 0xE0001028)  returns 0x04 (0001ms, 35760ms total)
T1824 6497:975 JLINK_WriteMem(0xE0001030, 0x0004 Bytes, ...) - Data: 00 00 00 00 -- CPU is running -- CPU_WriteMem(4 bytes @ 0xE0001030)  returns 0x04 (0001ms, 35761ms total)
T1824 6497:976 JLINK_WriteMem(0xE0001034, 0x0004 Bytes, ...) - Data: 00 00 00 00 -- CPU is running -- CPU_WriteMem(4 bytes @ 0xE0001034)  returns 0x04 (0001ms, 35762ms total)
T1824 6497:977 JLINK_WriteMem(0xE0001038, 0x0004 Bytes, ...) - Data: 00 00 00 00 -- CPU is running -- CPU_WriteMem(4 bytes @ 0xE0001038)  returns 0x04 (0001ms, 35763ms total)
T1824 6497:978 JLINK_WriteMem(0xE0001040, 0x0004 Bytes, ...) - Data: 00 00 00 00 -- CPU is running -- CPU_WriteMem(4 bytes @ 0xE0001040)  returns 0x04 (0001ms, 35764ms total)
T1824 6497:979 JLINK_WriteMem(0xE0001044, 0x0004 Bytes, ...) - Data: 00 00 00 00 -- CPU is running -- CPU_WriteMem(4 bytes @ 0xE0001044)  returns 0x04 (0001ms, 35765ms total)
T1824 6497:980 JLINK_WriteMem(0xE0001048, 0x0004 Bytes, ...) - Data: 00 00 00 00 -- CPU is running -- CPU_WriteMem(4 bytes @ 0xE0001048)  returns 0x04 (0001ms, 35766ms total)
T1824 6497:981 JLINK_WriteMem(0xE0001050, 0x0004 Bytes, ...) - Data: 00 00 00 00 -- CPU is running -- CPU_WriteMem(4 bytes @ 0xE0001050)  returns 0x04 (0001ms, 35767ms total)
T1824 6497:982 JLINK_WriteMem(0xE0001054, 0x0004 Bytes, ...) - Data: 00 00 00 00 -- CPU is running -- CPU_WriteMem(4 bytes @ 0xE0001054)  returns 0x04 (0001ms, 35768ms total)
T1824 6497:983 JLINK_WriteMem(0xE0001058, 0x0004 Bytes, ...) - Data: 00 00 00 00 -- CPU is running -- CPU_WriteMem(4 bytes @ 0xE0001058)  returns 0x04 (0000ms, 35768ms total)
T1824 6497:984 JLINK_Halt()  returns 0x00 (0004ms, 35773ms total)
T1824 6497:988 JLINK_WriteMem(0x400E0A04, 0x0004 Bytes, ...) - Data: 0B 01 00 5A -- CPU_WriteMem(4 bytes @ 0x400E0A04)  returns 0x04 (0001ms, 35774ms total)
T1824 6497:989 JLINK_ReadMem (0x400E0A08, 0x0004 Bytes, ...) -- CPU_ReadMem(4 bytes @ 0x400E0A08) - Data: 01 00 00 00  returns 0x00 (0001ms, 35775ms total)
T1824 6497:990 JLINK_WriteMem(0x400E0A04, 0x0004 Bytes, ...) - Data: 0C 02 00 5A -- CPU_WriteMem(4 bytes @ 0x400E0A04)  returns 0x04 (0001ms, 35776ms total)
T1824 6497:991 JLINK_ReadMem (0x400E0A08, 0x0004 Bytes, ...) -- CPU_ReadMem(4 bytes @ 0x400E0A08) - Data: 01 00 00 00  returns 0x00 (0001ms, 35777ms total)
T1824 6497:992 JLINK_Reset() -- CPU_ReadMem(16 bytes @ 0x20000000) -- CPU_WriteMem(16 bytes @ 0x20000000) -- CPU_ReadMem(4 bytes @ 0xE000EDFC) -- CPU_WriteMem(4 bytes @ 0xE000EDFC) -- CPU_ReadMem(4 bytes @ 0xE0001000) -- CPU_WriteMem(4 bytes @ 0xE000EDFC) -- CPU_WriteMem(16 bytes @ 0x20000000) -- CPU_WriteMem(4 bytes @ 0xE0002000) -- CPU_ReadMem(4 bytes @ 0xE000EDFC) -- CPU_ReadMem(4 bytes @ 0xE0001000) (0028ms, 35805ms total)
T1824 6498:023 JLINK_JTAG_GetDeviceID(DeviceIndex = 0)  returns 0x4BA00477 (0000ms, 35805ms total)
T1824 6498:023 JLINK_ReadMemU32(0x400E0740, 0x0001 Items, ...) -- CPU_ReadMem(4 bytes @ 0x400E0740) - Data: E0 0E A7 29  returns 0x01 (0001ms, 35806ms total)
T1824 6498:024 JLINK_ReadMemU32(0x400E0744, 0x0001 Items, ...) -- CPU_ReadMem(4 bytes @ 0x400E0744) - Data: 00 00 00 00  returns 0x01 (0001ms, 35807ms total)
T1824 6498:027 JLINK_BeginDownload(Flags = 0x00) (0000ms, 35807ms total)
T1824 6498:027 JLINK_WriteMem(0x00400000, 0x13FC Bytes, ...) - Data: C8 34 00 20 ED 0B 40 00 B5 0C 40 00 B5 0C 40 00 ...  returns 0x13FC (0001ms, 35808ms total)
T1824 6498:028 JLINK_WriteMem(0x004013FC, 0x0430 Bytes, ...) - Data: 00 09 3D 00 00 00 00 00 00 00 00 00 F4 02 00 20 ...  returns 0x430 (0000ms, 35808ms total)
T11B0 6498:040 JLINK_IsHalted()  returns TRUE (0000ms, 35808ms total)
T11B0 6498:040 JLINK_GetMOEs(...) -- CPU_ReadMem(4 bytes @ 0xE000ED30) -- CPU_WriteMem(4 bytes @ 0xE000ED30)  returns 0x01 (0002ms, 35810ms total)
T11B0 6498:042 JLINK_ReadReg(R15 (PC)) -- -------------------------------------- -- Start of determining dirty areas in flash cache -- End of determining dirty areas -- Start of preparing flash programming -- Calculating RAM usage -- RAM usage = 2884 Bytes -- Preserving registers -- Preparing memory -- Determining CPU clock frequency -- CPU clock frequency: 4022 kHz -- CPU frequency = 4022 kHz -- Preparing target -- Downloading RAMCode -- Using alternate TurboMode RAMCode -- Checking target RAM
 -- Preparing RAMCode -- End of preparing flash programmingCPU is running at low speed (4022 kHz). -- CPU is running at 4022 kHz. -- Start of comparing flash -- Read back was estimated as fastest method -- Comparing range 0x400000 - 0x4019FF (13 Sectors, 6 KB), using multi-block CRC calculation -- CPU is running -- CPU_ReadMem(512 bytes @ 0x00400000) -- CPU is running -- CPU_ReadMem(512 bytes @ 0x00400200) -- CPU is running -- CPU_ReadMem(512 bytes @ 0x00400400) -- CPU is running
 -- CPU_ReadMem(512 bytes @ 0x00400600) -- CPU is running -- CPU_ReadMem(512 bytes @ 0x00400800) -- CPU is running -- CPU_ReadMem(512 bytes @ 0x00400A00) -- CPU is running -- CPU_ReadMem(512 bytes @ 0x00400C00) -- CPU is running -- CPU_ReadMem(512 bytes @ 0x00400E00) -- CPU is running -- CPU_ReadMem(512 bytes @ 0x00401000) -- CPU is running -- CPU_ReadMem(512 bytes @ 0x00401200) -- CPU is running -- CPU_ReadMem(512 bytes @ 0x00401400) -- CPU is running -- CPU_ReadMem(512 bytes @ 0x00401600)
 -- CPU is running -- CPU_ReadMem(512 bytes @ 0x00401800) -- CRC does not match for sectors 0-12 -- End of comparing flash -- Start of erasing sectors -- End of erasing sectors -- Start of flash programming -- Programming range 0x00400000 - 0x004019FF (013 Sectors, 6 KB) -- End of flash programming -- Flash programming performed for 1 range (6656 bytes) -- 0x400000 - 0x4019FF (013 Sectors, 6 KB) -- Start of verifying flash -- Checksum calculation was estimated as fastest method -- End of verifying flash
 -- Start of restoring -- Restore RAMCode -- Restore content of target memory -- Restore target -- Restore memory -- Restore content of registers -- End of restoring -- Total time needed: 0.266s (Prepare: 0.090s, Compare: 0.062s, Erase: 0.000s, Program: 0.103s, Verify: 0.003s, Restore: 0.006s)  returns 0xFFFFFFFE (0272ms, 36082ms total)
T0E78 6498:427 JLINK_Halt()  returns 0x00 (0000ms, 36082ms total)
T0E78 6498:427 JLINK_ReadReg(R15 (PC))  returns 0xFFFFFFFE (0000ms, 36082ms total)
T0E78 6498:427 JLINK_ReadReg(R13 (SP))  returns 0xFFFFFFFC (0001ms, 36083ms total)
T11B0 6498:514 JLINK_IsHalted()  returns TRUE (0001ms, 36084ms total)
T0E78 6498:584 JLINK_ReadReg(R0)  returns 0x400E1400 (0000ms, 36083ms total)
T0E78 6498:584 JLINK_ReadReg(R1)  returns 0x40C00000 (0000ms, 36083ms total)
T0E78 6498:584 JLINK_ReadReg(R2)  returns 0xA5000005 (0000ms, 36083ms total)
T0E78 6498:584 JLINK_ReadReg(R3)  returns 0x00000000 (0000ms, 36083ms total)
T0E78 6498:584 JLINK_ReadReg(R4)  returns 0x0040117D (0000ms, 36083ms total)
T0E78 6498:584 JLINK_ReadReg(R5)  returns 0x00000002 (0000ms, 36083ms total)
T0E78 6498:584 JLINK_ReadReg(R6)  returns 0xE000E100 (0000ms, 36083ms total)
T0E78 6498:584 JLINK_ReadReg(R7)  returns 0x200034A8 (0000ms, 36083ms total)
T0E78 6498:584 JLINK_ReadReg(R8)  returns 0xF8475800 (0000ms, 36083ms total)
T0E78 6498:584 JLINK_ReadReg(R9)  returns 0x0000000D (0000ms, 36083ms total)
T0E78 6498:584 JLINK_ReadReg(R10)  returns 0xF8475800 (0000ms, 36083ms total)
T0E78 6498:584 JLINK_ReadReg(R11)  returns 0x0000000D (0000ms, 36083ms total)
T0E78 6498:584 JLINK_ReadReg(R12)  returns 0x20003478 (0000ms, 36083ms total)
T0E78 6498:584 JLINK_ReadReg(R13 (SP))  returns 0xFFFFFFFC (0000ms, 36083ms total)
T0E78 6498:584 JLINK_ReadReg(R14)  returns 0xFFFFFFFF (0000ms, 36083ms total)
T0E78 6498:584 JLINK_ReadReg(R15 (PC))  returns 0xFFFFFFFE (0000ms, 36083ms total)
T0E78 6498:584 JLINK_ReadReg(XPSR)  returns 0x01000000 (0000ms, 36083ms total)
T0E78 6498:584 JLINK_ReadReg(MSP)  returns 0xFFFFFFFC (0000ms, 36083ms total)
T0E78 6498:584 JLINK_ReadReg(PSP)  returns 0x63200060 (0000ms, 36083ms total)
T0E78 6498:584 JLINK_ReadReg(PRIMASK)  returns 0x00000000 (0000ms, 36083ms total)
T0E78 6498:584 JLINK_ReadReg(BASEPRI)  returns 0x00000000 (0000ms, 36083ms total)
T0E78 6498:584 JLINK_ReadReg(FAULTMASK)  returns 0x00000000 (0000ms, 36083ms total)
T0E78 6498:584 JLINK_ReadReg(CONTROL)  returns 0x00000000 (0001ms, 36084ms total)
T0E78 6498:627 JLINK_EndDownload()  returns 0x00 (0000ms, 36084ms total)
T0E78 6498:627 JLINK_Reset() -- CPU_ReadMem(16 bytes @ 0x20000000) -- CPU_WriteMem(16 bytes @ 0x20000000) -- CPU_ReadMem(4 bytes @ 0xE000EDFC) -- CPU_WriteMem(4 bytes @ 0xE000EDFC) -- CPU_ReadMem(4 bytes @ 0xE0001000) -- CPU_WriteMem(4 bytes @ 0xE000EDFC) -- CPU_WriteMem(16 bytes @ 0x20000000) -- CPU_WriteMem(4 bytes @ 0xE0002000) -- CPU_ReadMem(4 bytes @ 0xE000EDFC) -- CPU_ReadMem(4 bytes @ 0xE0001000) (0027ms, 36111ms total)
T11B0 6498:654 JLINK_IsHalted()  returns TRUE (0000ms, 36111ms total)
T11B0 6498:654 JLINK_GetMOEs(...) -- CPU_ReadMem(4 bytes @ 0xE000ED30) -- CPU_WriteMem(4 bytes @ 0xE000ED30)  returns 0x01 (0002ms, 36113ms total)
T11B0 6498:656 JLINK_ReadReg(R15 (PC))  returns 0x00400BEC (0000ms, 36113ms total)
T0E78 6498:664 JLINK_ReadReg(R15 (PC))  returns 0x00400BEC (0000ms, 36113ms total)
T0E78 6498:664 JLINK_ReadReg(R13 (SP))  returns 0x200034C8 (0000ms, 36113ms total)
T0E78 6498:673 JLINK_ReadMemHW(0x00400BEC, 0x0004 Bytes, ...) -- CPU_ReadMem(4 bytes @ 0x00400BEC) - Data: 80 B5 84 B0  returns 0x00 (0002ms, 36115ms total)
T0E78 6498:707 JLINK_ReadMemHW(0x0040104A, 0x0002 Bytes, ...) -- CPU_ReadMem(2 bytes @ 0x0040104A) - Data: 07 4B  returns 0x00 (0001ms, 36116ms total)
T0E78 6498:708 JLINK_ReadMemHW(0x0040104C, 0x0002 Bytes, ...) -- CPU_ReadMem(2 bytes @ 0x0040104C) - Data: 9B 6B  returns 0x00 (0001ms, 36117ms total)
T0E78 6498:709 JLINK_ReadMemHW(0x0040104E, 0x0002 Bytes, ...) -- CPU_ReadMem(2 bytes @ 0x0040104E) - Data: 1B 0D  returns 0x00 (0001ms, 36118ms total)
T0E78 6498:711 JLINK_ReadMemHW(0x0040104A, 0x0002 Bytes, ...) -- CPU_ReadMem(2 bytes @ 0x0040104A) - Data: 07 4B  returns 0x00 (0001ms, 36119ms total)
T1824 6498:712 JLINK_GetNumBPUnits(Type = 0xFFFFFF02)  returns 0x06 (0001ms, 36120ms total)
T1824 6498:713 JLINK_SetBPEx(Addr = 0x0040104A, Type = 0xFFFFFFF2)  returns 0x00000001 (0000ms, 36120ms total)
T1824 6498:713 JLINK_GetBPInfo(BPHandle = 1)  returns 0x00 (0000ms, 36120ms total)
T0E78 6498:743 JLINK_ReadMemHW(0x0040107A, 0x0002 Bytes, ...) -- CPU_ReadMem(2 bytes @ 0x0040107A) - Data: 07 4B  returns 0x00 (0001ms, 36121ms total)
T0E78 6498:744 JLINK_ReadMemHW(0x0040107C, 0x0002 Bytes, ...) -- CPU_ReadMem(2 bytes @ 0x0040107C) - Data: 9B 6B  returns 0x00 (0001ms, 36122ms total)
T0E78 6498:746 JLINK_ReadMemHW(0x0040107E, 0x0002 Bytes, ...) -- CPU_ReadMem(2 bytes @ 0x0040107E) - Data: 1B 0D  returns 0x00 (0001ms, 36123ms total)
T0E78 6498:747 JLINK_ReadMemHW(0x0040107A, 0x0002 Bytes, ...) -- CPU_ReadMem(2 bytes @ 0x0040107A) - Data: 07 4B  returns 0x00 (0001ms, 36124ms total)
T1824 6498:749 JLINK_SetBPEx(Addr = 0x0040107A, Type = 0xFFFFFFF2)  returns 0x00000002 (0000ms, 36124ms total)
T1824 6498:749 JLINK_GetBPInfo(BPHandle = 2)  returns 0x00 (0000ms, 36124ms total)
T0E78 6498:789 JLINK_ReadMemHW(0x0040125C, 0x0001 Bytes, ...) -- CPU_ReadMem(1 bytes @ 0x0040125C) - Data: 80  returns 0x00 (0001ms, 36125ms total)
T0E78 6498:840 JLINK_ReadReg(R15 (PC))  returns 0x00400BEC (0000ms, 36125ms total)
T0E78 6498:840 JLINK_SetBPEx(Addr = 0x0040125C, Type = 0xFFFFFF02)  returns 0x00000003 (0000ms, 36125ms total)
T0E78 6498:840 JLINK_GetBPInfo(BPHandle = 3)  returns 0x00 (0000ms, 36125ms total)
T0E78 6498:840 JLINK_Go() -- CPU_ReadMem(4 bytes @ 0xE0001000) -- CPU_WriteMem(4 bytes @ 0xE0002008) -- CPU_WriteMem(4 bytes @ 0xE000200C) -- CPU_WriteMem(4 bytes @ 0xE0002010) -- CPU_WriteMem(4 bytes @ 0xE0002014) -- CPU_WriteMem(4 bytes @ 0xE0002018) -- CPU_WriteMem(4 bytes @ 0xE000201C) -- CPU_WriteMem(4 bytes @ 0xE0001004) (0005ms, 36130ms total)
T11B0 6498:845 JLINK_IsHalted()  returns FALSE (0001ms, 36131ms total)
T11B0 6498:866 JLINK_IsHalted()  returns TRUE (0004ms, 36134ms total)
T11B0 6498:870 JLINK_GetMOEs(...) -- CPU_ReadMem(4 bytes @ 0xE000ED30) -- CPU_WriteMem(4 bytes @ 0xE000ED30)  returns 0x01 (0002ms, 36132ms total)
T11B0 6498:872 JLINK_ReadReg(R15 (PC))  returns 0x0040125C (0000ms, 36132ms total)
T11B0 6498:872 JLINK_GetBPInfo(BPHandle = 3)  returns 0x00 (0000ms, 36132ms total)
T11B0 6498:872 JLINK_ClrBPEx(BPHandle = 0x00000003)  returns 0x00 (0000ms, 36132ms total)
T0E78 6498:875 JLINK_ReadReg(R15 (PC))  returns 0x0040125C (0000ms, 36132ms total)
T0E78 6498:875 JLINK_ReadReg(R13 (SP))  returns 0x200034B0 (0000ms, 36132ms total)
T0E78 6498:876 JLINK_ReadMemHW(0x0040125C, 0x0004 Bytes, ...) -- CPU_ReadMem(4 bytes @ 0x0040125C) - Data: 80 B5 00 AF  returns 0x00 (0001ms, 36133ms total)
T0E78 6498:888 JLINK_ReadReg(R15 (PC))  returns 0x0040125C (0000ms, 36133ms total)
T0E78 6498:888 JLINK_Go() -- CPU_ReadMem(4 bytes @ 0xE0001000) -- CPU_WriteMem(4 bytes @ 0xE0002010) (0003ms, 36136ms total)
T11B0 6498:891 JLINK_IsHalted()  returns FALSE (0001ms, 36137ms total)
T11B0 6498:932 JLINK_IsHalted()  returns FALSE (0001ms, 36137ms total)
T11B0 6499:093 JLINK_IsHalted()  returns FALSE (0000ms, 36136ms total)
T11B0 6499:733 JLINK_IsHalted()  returns FALSE (0001ms, 36137ms total)
T11B0 6500:374 JLINK_IsHalted()  returns FALSE (0001ms, 36137ms total)
T11B0 6501:015 JLINK_IsHalted()  returns FALSE (0001ms, 36137ms total)
T11B0 6501:656 JLINK_IsHalted()  returns FALSE (0000ms, 36136ms total)
T11B0 6502:296 JLINK_IsHalted()  returns FALSE (0001ms, 36137ms total)
T11B0 6502:937 JLINK_IsHalted()  returns FALSE (0001ms, 36137ms total)
T11B0 6503:578 JLINK_IsHalted()  returns FALSE (0001ms, 36137ms total)
T11B0 6504:219 JLINK_IsHalted()  returns FALSE (0001ms, 36137ms total)
T11B0 6504:860 JLINK_IsHalted()  returns FALSE (0001ms, 36137ms total)
T11B0 6505:501 JLINK_IsHalted()  returns FALSE (0001ms, 36137ms total)
T11B0 6506:142 JLINK_IsHalted()  returns FALSE (0001ms, 36137ms total)
T11B0 6506:783 JLINK_IsHalted()  returns FALSE (0001ms, 36137ms total)
T11B0 6507:424 JLINK_IsHalted()  returns FALSE (0001ms, 36137ms total)
T11B0 6508:065 JLINK_IsHalted()  returns FALSE (0001ms, 36137ms total)
T11B0 6508:706 JLINK_IsHalted()  returns FALSE (0001ms, 36137ms total)
T11B0 6509:347 JLINK_IsHalted()  returns FALSE (0001ms, 36137ms total)
T11B0 6509:988 JLINK_IsHalted()  returns FALSE (0001ms, 36137ms total)
T11B0 6510:630 JLINK_IsHalted()  returns FALSE (0001ms, 36137ms total)
T11B0 6511:271 JLINK_IsHalted()  returns FALSE (0001ms, 36137ms total)
T11B0 6511:912 JLINK_IsHalted()  returns FALSE (0001ms, 36137ms total)
T11B0 6512:553 JLINK_IsHalted()  returns FALSE (0001ms, 36137ms total)
T11B0 6513:194 JLINK_IsHalted()  returns FALSE (0001ms, 36137ms total)
T11B0 6513:835 JLINK_IsHalted()  returns FALSE (0001ms, 36137ms total)
T11B0 6514:476 JLINK_IsHalted()  returns FALSE (0001ms, 36137ms total)
T11B0 6515:117 JLINK_IsHalted()  returns FALSE (0001ms, 36137ms total)
T11B0 6515:758 JLINK_IsHalted()  returns FALSE (0001ms, 36137ms total)
T11B0 6516:399 JLINK_IsHalted()  returns FALSE (0001ms, 36137ms total)
T11B0 6517:040 JLINK_IsHalted()  returns FALSE (0001ms, 36137ms total)
T11B0 6517:681 JLINK_IsHalted()  returns FALSE (0001ms, 36137ms total)
T11B0 6518:322 JLINK_IsHalted()  returns FALSE (0001ms, 36137ms total)
T11B0 6518:963 JLINK_IsHalted()  returns FALSE (0001ms, 36137ms total)
T11B0 6519:604 JLINK_IsHalted()  returns FALSE (0001ms, 36137ms total)
T11B0 6520:245 JLINK_IsHalted()  returns FALSE (0002ms, 36138ms total)
T11B0 6520:887 JLINK_IsHalted()  returns FALSE (0001ms, 36137ms total)
T11B0 6521:528 JLINK_IsHalted()  returns FALSE (0001ms, 36137ms total)
T11B0 6522:169 JLINK_IsHalted()  returns FALSE (0001ms, 36137ms total)
T11B0 6522:810 JLINK_IsHalted()  returns FALSE (0001ms, 36137ms total)
T11B0 6523:451 JLINK_IsHalted()  returns FALSE (0001ms, 36137ms total)
T11B0 6524:092 JLINK_IsHalted()  returns FALSE (0001ms, 36137ms total)
T11B0 6524:733 JLINK_IsHalted()  returns FALSE (0001ms, 36137ms total)
T11B0 6525:374 JLINK_IsHalted()  returns FALSE (0001ms, 36137ms total)
T11B0 6526:015 JLINK_IsHalted()  returns FALSE (0001ms, 36137ms total)
T11B0 6526:656 JLINK_IsHalted()  returns FALSE (0001ms, 36137ms total)
T11B0 6527:297 JLINK_IsHalted()  returns FALSE (0001ms, 36137ms total)
T11B0 6527:939 JLINK_IsHalted()  returns FALSE (0001ms, 36137ms total)
T11B0 6528:580 JLINK_IsHalted()  returns FALSE (0001ms, 36137ms total)
T11B0 6529:221 JLINK_IsHalted()  returns FALSE (0001ms, 36137ms total)
T11B0 6529:862 JLINK_IsHalted()  returns FALSE (0001ms, 36137ms total)
T11B0 6530:503 JLINK_IsHalted()  returns FALSE (0001ms, 36137ms total)
T11B0 6531:144 JLINK_IsHalted()  returns FALSE (0001ms, 36137ms total)
T11B0 6531:785 JLINK_IsHalted()  returns FALSE (0001ms, 36137ms total)
T11B0 6532:426 JLINK_IsHalted()  returns FALSE (0001ms, 36137ms total)
T11B0 6533:067 JLINK_IsHalted()  returns FALSE (0001ms, 36137ms total)
T11B0 6533:708 JLINK_IsHalted()  returns FALSE (0001ms, 36137ms total)
T11B0 6534:349 JLINK_IsHalted()  returns FALSE (0001ms, 36137ms total)
T11B0 6534:990 JLINK_IsHalted()  returns FALSE (0001ms, 36137ms total)
T11B0 6535:631 JLINK_IsHalted()  returns FALSE (0001ms, 36137ms total)
T11B0 6536:272 JLINK_IsHalted()  returns FALSE (0001ms, 36137ms total)
T11B0 6536:913 JLINK_IsHalted()  returns FALSE (0001ms, 36137ms total)
T11B0 6537:554 JLINK_IsHalted()  returns FALSE (0001ms, 36137ms total)
T11B0 6538:195 JLINK_IsHalted()  returns FALSE (0001ms, 36137ms total)
T11B0 6538:836 JLINK_IsHalted()  returns FALSE (0001ms, 36137ms total)
T11B0 6539:477 JLINK_IsHalted()  returns FALSE (0001ms, 36137ms total)
T11B0 6540:118 JLINK_IsHalted()  returns FALSE (0000ms, 36136ms total)
T11B0 6540:758 JLINK_IsHalted()  returns FALSE (0001ms, 36137ms total)
T11B0 6541:399 JLINK_IsHalted()  returns FALSE (0005ms, 36141ms total)
T11B0 6542:044 JLINK_IsHalted()  returns FALSE (0001ms, 36137ms total)
T11B0 6542:685 JLINK_IsHalted()  returns FALSE (0001ms, 36137ms total)
T11B0 6543:326 JLINK_IsHalted()  returns FALSE (0001ms, 36137ms total)
T11B0 6543:967 JLINK_IsHalted()  returns FALSE (0001ms, 36137ms total)
T11B0 6544:608 JLINK_IsHalted()  returns FALSE (0001ms, 36137ms total)
T11B0 6545:249 JLINK_IsHalted()  returns FALSE (0001ms, 36137ms total)
T11B0 6545:891 JLINK_IsHalted()  returns FALSE (0002ms, 36138ms total)
T11B0 6546:533 JLINK_IsHalted()  returns FALSE (0001ms, 36137ms total)
T11B0 6547:174 JLINK_IsHalted()  returns FALSE (0001ms, 36137ms total)
T11B0 6547:815 JLINK_IsHalted()  returns FALSE (0001ms, 36137ms total)
T11B0 6548:456 JLINK_IsHalted()  returns FALSE (0001ms, 36137ms total)
T11B0 6549:097 JLINK_IsHalted()  returns FALSE (0001ms, 36137ms total)
T11B0 6549:738 JLINK_IsHalted()  returns FALSE (0001ms, 36137ms total)
T11B0 6550:379 JLINK_IsHalted()  returns FALSE (0001ms, 36137ms total)
T11B0 6551:020 JLINK_IsHalted()  returns FALSE (0001ms, 36137ms total)
T11B0 6551:661 JLINK_IsHalted()  returns FALSE (0001ms, 36137ms total)
T11B0 6552:302 JLINK_IsHalted()  returns FALSE (0001ms, 36137ms total)
T11B0 6552:944 JLINK_IsHalted()  returns FALSE (0001ms, 36137ms total)
T11B0 6553:585 JLINK_IsHalted()  returns FALSE (0001ms, 36137ms total)
T11B0 6554:226 JLINK_IsHalted()  returns FALSE (0001ms, 36137ms total)
T11B0 6554:867 JLINK_IsHalted()  returns FALSE (0001ms, 36137ms total)
T11B0 6555:508 JLINK_IsHalted()  returns FALSE (0000ms, 36136ms total)
T11B0 6556:148 JLINK_IsHalted()  returns FALSE (0001ms, 36137ms total)
T11B0 6556:789 JLINK_IsHalted()  returns FALSE (0001ms, 36137ms total)
T11B0 6557:430 JLINK_IsHalted()  returns FALSE (0001ms, 36137ms total)
T11B0 6558:071 JLINK_IsHalted()  returns FALSE (0001ms, 36137ms total)
T11B0 6558:712 JLINK_IsHalted()  returns FALSE (0001ms, 36137ms total)
T11B0 6559:353 JLINK_IsHalted()  returns FALSE (0001ms, 36137ms total)
T11B0 6559:994 JLINK_IsHalted()  returns FALSE (0001ms, 36137ms total)
T11B0 6560:635 JLINK_IsHalted()  returns FALSE (0001ms, 36137ms total)
T11B0 6561:276 JLINK_IsHalted()  returns FALSE (0001ms, 36137ms total)
T11B0 6561:917 JLINK_IsHalted()  returns FALSE (0001ms, 36137ms total)
T11B0 6562:558 JLINK_IsHalted()  returns FALSE (0001ms, 36137ms total)
T11B0 6563:200 JLINK_IsHalted()  returns FALSE (0001ms, 36137ms total)
T11B0 6563:841 JLINK_IsHalted()  returns FALSE (0001ms, 36137ms total)
T11B0 6564:482 JLINK_IsHalted()  returns FALSE (0000ms, 36136ms total)
T11B0 6565:122 JLINK_IsHalted()  returns FALSE (0001ms, 36137ms total)
T11B0 6565:763 JLINK_IsHalted()  returns FALSE (0001ms, 36137ms total)
T11B0 6566:404 JLINK_IsHalted()  returns FALSE (0001ms, 36137ms total)
T11B0 6567:045 JLINK_IsHalted()  returns FALSE (0001ms, 36137ms total)
T11B0 6567:687 JLINK_IsHalted()  returns FALSE (0001ms, 36137ms total)
T11B0 6568:328 JLINK_IsHalted()  returns FALSE (0001ms, 36137ms total)
T11B0 6568:969 JLINK_IsHalted()  returns FALSE (0001ms, 36137ms total)
T11B0 6569:610 JLINK_IsHalted()  returns FALSE (0001ms, 36137ms total)
T11B0 6570:251 JLINK_IsHalted()  returns FALSE (0001ms, 36137ms total)
T11B0 6570:892 JLINK_IsHalted()  returns FALSE (0001ms, 36137ms total)
T11B0 6571:533 JLINK_IsHalted()  returns FALSE (0001ms, 36137ms total)
T11B0 6572:174 JLINK_IsHalted()  returns FALSE (0001ms, 36137ms total)
T11B0 6572:815 JLINK_IsHalted()  returns FALSE (0002ms, 36138ms total)
T11B0 6573:457 JLINK_IsHalted()  returns FALSE (0001ms, 36137ms total)
T11B0 6574:098 JLINK_IsHalted()  returns FALSE (0001ms, 36137ms total)
T11B0 6574:739 JLINK_IsHalted()  returns FALSE (0001ms, 36137ms total)
T11B0 6575:380 JLINK_IsHalted()  returns FALSE (0001ms, 36137ms total)
T11B0 6576:021 JLINK_IsHalted()  returns FALSE (0001ms, 36137ms total)
T11B0 6576:662 JLINK_IsHalted()  returns FALSE (0001ms, 36137ms total)
T11B0 6577:303 JLINK_IsHalted()  returns FALSE (0001ms, 36137ms total)
T11B0 6577:944 JLINK_IsHalted()  returns FALSE (0001ms, 36137ms total)
T11B0 6578:585 JLINK_IsHalted()  returns FALSE (0001ms, 36137ms total)
T11B0 6579:226 JLINK_IsHalted()  returns FALSE (0001ms, 36137ms total)
T11B0 6579:867 JLINK_IsHalted()  returns FALSE (0001ms, 36137ms total)
T11B0 6580:509 JLINK_IsHalted()  returns FALSE (0001ms, 36137ms total)
T11B0 6581:150 JLINK_IsHalted()  returns FALSE (0001ms, 36137ms total)
T11B0 6581:791 JLINK_IsHalted()  returns FALSE (0001ms, 36137ms total)
T11B0 6582:432 JLINK_IsHalted()  returns FALSE (0001ms, 36137ms total)
T11B0 6583:073 JLINK_IsHalted()  returns FALSE (0001ms, 36137ms total)
T11B0 6583:714 JLINK_IsHalted()  returns FALSE (0001ms, 36137ms total)
T11B0 6584:355 JLINK_IsHalted()  returns FALSE (0001ms, 36137ms total)
T11B0 6584:996 JLINK_IsHalted()  returns FALSE (0001ms, 36137ms total)
T11B0 6585:637 JLINK_IsHalted()  returns FALSE (0001ms, 36137ms total)
T11B0 6586:278 JLINK_IsHalted()  returns FALSE (0001ms, 36137ms total)
T11B0 6586:919 JLINK_IsHalted()  returns FALSE (0001ms, 36137ms total)
T11B0 6587:560 JLINK_IsHalted()  returns FALSE (0001ms, 36137ms total)
T11B0 6588:201 JLINK_IsHalted()  returns FALSE (0001ms, 36137ms total)
T11B0 6588:842 JLINK_IsHalted()  returns FALSE (0001ms, 36137ms total)
T11B0 6589:483 JLINK_IsHalted()  returns FALSE (0001ms, 36137ms total)
T11B0 6590:124 JLINK_IsHalted()  returns FALSE (0001ms, 36137ms total)
T11B0 6590:765 JLINK_IsHalted()  returns FALSE (0001ms, 36137ms total)
T11B0 6591:406 JLINK_IsHalted()  returns FALSE (0001ms, 36137ms total)
T11B0 6592:047 JLINK_IsHalted()  returns FALSE (0001ms, 36137ms total)
T11B0 6592:688 JLINK_IsHalted()  returns FALSE (0001ms, 36137ms total)
T11B0 6593:329 JLINK_IsHalted()  returns FALSE (0002ms, 36138ms total)
T11B0 6593:971 JLINK_IsHalted()  returns FALSE (0001ms, 36137ms total)
T11B0 6594:612 JLINK_IsHalted()  returns FALSE (0002ms, 36138ms total)
T11B0 6595:254 JLINK_IsHalted()  returns FALSE (0001ms, 36137ms total)
T11B0 6595:895 JLINK_IsHalted()  returns FALSE (0001ms, 36137ms total)
T11B0 6596:536 JLINK_IsHalted()  returns FALSE (0001ms, 36137ms total)
T11B0 6597:177 JLINK_IsHalted()  returns FALSE (0001ms, 36137ms total)
T11B0 6597:818 JLINK_IsHalted()  returns FALSE (0001ms, 36137ms total)
T11B0 6598:460 JLINK_IsHalted()  returns FALSE (0001ms, 36137ms total)
T11B0 6599:101 JLINK_IsHalted()  returns FALSE (0001ms, 36137ms total)
T11B0 6599:742 JLINK_IsHalted()  returns FALSE (0001ms, 36137ms total)
T11B0 6600:383 JLINK_IsHalted()  returns FALSE (0001ms, 36137ms total)
T11B0 6601:024 JLINK_IsHalted()  returns FALSE (0001ms, 36137ms total)
T11B0 6601:665 JLINK_IsHalted()  returns FALSE (0001ms, 36137ms total)
T11B0 6602:306 JLINK_IsHalted()  returns FALSE (0001ms, 36137ms total)
T11B0 6602:947 JLINK_IsHalted()  returns FALSE (0001ms, 36137ms total)
T11B0 6603:588 JLINK_IsHalted()  returns FALSE (0001ms, 36137ms total)
T11B0 6604:229 JLINK_IsHalted()  returns FALSE (0001ms, 36137ms total)
T11B0 6604:870 JLINK_IsHalted()  returns FALSE (0001ms, 36137ms total)
T11B0 6605:511 JLINK_IsHalted()  returns FALSE (0001ms, 36137ms total)
T11B0 6606:152 JLINK_IsHalted()  returns FALSE (0001ms, 36137ms total)
T11B0 6606:793 JLINK_IsHalted()  returns FALSE (0001ms, 36137ms total)
T11B0 6607:434 JLINK_IsHalted()  returns FALSE (0001ms, 36137ms total)
T11B0 6608:075 JLINK_IsHalted()  returns FALSE (0001ms, 36137ms total)
T11B0 6608:716 JLINK_IsHalted()  returns FALSE (0001ms, 36137ms total)
T11B0 6609:357 JLINK_IsHalted()  returns FALSE (0001ms, 36137ms total)
T11B0 6609:998 JLINK_IsHalted()  returns FALSE (0002ms, 36138ms total)
T11B0 6610:640 JLINK_IsHalted()  returns FALSE (0001ms, 36137ms total)
T11B0 6611:281 JLINK_IsHalted()  returns FALSE (0001ms, 36137ms total)
T11B0 6611:922 JLINK_IsHalted()  returns FALSE (0001ms, 36137ms total)
T11B0 6612:563 JLINK_IsHalted()  returns FALSE (0001ms, 36137ms total)
T11B0 6613:204 JLINK_IsHalted()  returns FALSE (0001ms, 36137ms total)
T11B0 6613:845 JLINK_IsHalted()  returns FALSE (0001ms, 36137ms total)
T11B0 6614:486 JLINK_IsHalted()  returns FALSE (0001ms, 36137ms total)
T11B0 6615:127 JLINK_IsHalted()  returns FALSE (0001ms, 36137ms total)
T11B0 6615:769 JLINK_IsHalted()  returns FALSE (0001ms, 36137ms total)
T11B0 6616:410 JLINK_IsHalted()  returns FALSE (0001ms, 36137ms total)
T11B0 6617:051 JLINK_IsHalted()  returns FALSE (0000ms, 36136ms total)
T11B0 6617:692 JLINK_IsHalted()  returns FALSE (0001ms, 36137ms total)
T11B0 6618:333 JLINK_IsHalted()  returns FALSE (0001ms, 36137ms total)
T11B0 6618:974 JLINK_IsHalted()  returns FALSE (0001ms, 36137ms total)
T11B0 6619:615 JLINK_IsHalted()  returns FALSE (0001ms, 36137ms total)
T11B0 6620:256 JLINK_IsHalted()  returns FALSE (0001ms, 36137ms total)
T11B0 6620:897 JLINK_IsHalted()  returns FALSE (0001ms, 36137ms total)
T11B0 6621:538 JLINK_IsHalted()  returns FALSE (0001ms, 36137ms total)
T11B0 6622:179 JLINK_IsHalted()  returns FALSE (0001ms, 36137ms total)
T11B0 6622:820 JLINK_IsHalted()  returns FALSE (0001ms, 36137ms total)
T11B0 6623:461 JLINK_IsHalted()  returns FALSE (0001ms, 36137ms total)
T11B0 6624:102 JLINK_IsHalted()  returns FALSE (0001ms, 36137ms total)
T11B0 6624:743 JLINK_IsHalted()  returns FALSE (0001ms, 36137ms total)
T11B0 6625:384 JLINK_IsHalted()  returns FALSE (0001ms, 36137ms total)
T11B0 6626:025 JLINK_IsHalted()  returns FALSE (0001ms, 36137ms total)
T11B0 6626:666 JLINK_IsHalted()  returns FALSE (0001ms, 36137ms total)
T11B0 6627:307 JLINK_IsHalted()  returns FALSE (0001ms, 36137ms total)
T11B0 6627:948 JLINK_IsHalted()  returns FALSE (0001ms, 36137ms total)
T11B0 6628:589 JLINK_IsHalted()  returns FALSE (0001ms, 36137ms total)
T11B0 6629:230 JLINK_IsHalted()  returns FALSE (0001ms, 36137ms total)
T11B0 6629:875 JLINK_IsHalted()  returns FALSE (0001ms, 36137ms total)
T11B0 6630:516 JLINK_IsHalted()  returns FALSE (0001ms, 36137ms total)
T11B0 6631:157 JLINK_IsHalted()  returns FALSE (0001ms, 36137ms total)
T11B0 6631:798 JLINK_IsHalted()  returns FALSE (0001ms, 36137ms total)
T11B0 6632:439 JLINK_IsHalted()  returns FALSE (0001ms, 36137ms total)
T11B0 6633:081 JLINK_IsHalted()  returns FALSE (0001ms, 36137ms total)
T11B0 6633:722 JLINK_IsHalted()  returns FALSE (0001ms, 36137ms total)
T11B0 6634:363 JLINK_IsHalted()  returns FALSE (0001ms, 36137ms total)
T11B0 6635:004 JLINK_IsHalted()  returns FALSE (0000ms, 36136ms total)
T11B0 6635:644 JLINK_IsHalted()  returns FALSE (0001ms, 36137ms total)
T11B0 6636:285 JLINK_IsHalted()  returns FALSE (0001ms, 36137ms total)
T11B0 6636:926 JLINK_IsHalted()  returns FALSE (0001ms, 36137ms total)
T11B0 6637:567 JLINK_IsHalted()  returns FALSE (0001ms, 36137ms total)
T11B0 6638:208 JLINK_IsHalted()  returns FALSE (0001ms, 36137ms total)
T11B0 6638:849 JLINK_IsHalted()  returns FALSE (0001ms, 36137ms total)
T11B0 6639:490 JLINK_IsHalted()  returns FALSE (0001ms, 36137ms total)
T11B0 6640:131 JLINK_IsHalted()  returns FALSE (0001ms, 36137ms total)
T11B0 6640:772 JLINK_IsHalted()  returns FALSE (0001ms, 36137ms total)
T11B0 6641:413 JLINK_IsHalted()  returns FALSE (0001ms, 36137ms total)
T11B0 6642:054 JLINK_IsHalted()  returns FALSE (0001ms, 36137ms total)
T11B0 6642:695 JLINK_IsHalted()  returns FALSE (0001ms, 36137ms total)
T11B0 6643:336 JLINK_IsHalted()  returns FALSE (0002ms, 36138ms total)
T11B0 6643:978 JLINK_IsHalted()  returns FALSE (0001ms, 36137ms total)
T11B0 6644:619 JLINK_IsHalted()  returns FALSE (0002ms, 36138ms total)
T11B0 6645:261 JLINK_IsHalted()  returns FALSE (0001ms, 36137ms total)
T11B0 6645:902 JLINK_IsHalted()  returns FALSE (0001ms, 36137ms total)
T11B0 6646:543 JLINK_IsHalted()  returns FALSE (0001ms, 36137ms total)
T11B0 6647:184 JLINK_IsHalted()  returns FALSE (0002ms, 36138ms total)
T11B0 6647:826 JLINK_IsHalted()  returns FALSE (0001ms, 36137ms total)
T11B0 6648:467 JLINK_IsHalted()  returns FALSE (0001ms, 36137ms total)
T11B0 6649:108 JLINK_IsHalted()  returns FALSE (0001ms, 36137ms total)
T11B0 6649:749 JLINK_IsHalted()  returns FALSE (0001ms, 36137ms total)
T11B0 6650:391 JLINK_IsHalted()  returns FALSE (0001ms, 36137ms total)
T11B0 6651:032 JLINK_IsHalted()  returns FALSE (0001ms, 36137ms total)
T11B0 6651:673 JLINK_IsHalted()  returns FALSE (0001ms, 36137ms total)
T11B0 6652:314 JLINK_IsHalted()  returns FALSE (0001ms, 36137ms total)
T11B0 6652:955 JLINK_IsHalted()  returns FALSE (0000ms, 36136ms total)
T11B0 6653:595 JLINK_IsHalted()  returns FALSE (0001ms, 36137ms total)
T11B0 6654:236 JLINK_IsHalted()  returns FALSE (0001ms, 36137ms total)
T11B0 6654:877 JLINK_IsHalted()  returns FALSE (0002ms, 36138ms total)
T11B0 6655:519 JLINK_IsHalted()  returns FALSE (0000ms, 36136ms total)
T11B0 6656:159 JLINK_IsHalted()  returns FALSE (0001ms, 36137ms total)
T11B0 6656:800 JLINK_IsHalted()  returns FALSE (0000ms, 36136ms total)
T0E78 6657:210 JLINK_Halt()  returns 0x00 (0004ms, 36140ms total)
T1824 6657:311 JLINK_GetBPInfo(BPHandle = 1)  returns 0x00 (0000ms, 36140ms total)
T1824 6657:311 JLINK_ClrBPEx(BPHandle = 0x00000001)  returns 0x00 (0001ms, 36141ms total)
T1824 6657:312 JLINK_GetBPInfo(BPHandle = 2)  returns 0x00 (0000ms, 36141ms total)
T1824 6657:312 JLINK_ClrBPEx(BPHandle = 0x00000002)  returns 0x00 (0000ms, 36141ms total)
T11B0 6657:440 JLINK_IsHalted()  returns TRUE (0000ms, 36141ms total)
T11B0 6657:440 JLINK_GetMOEs(...) -- CPU_ReadMem(4 bytes @ 0xE000ED30) -- CPU_WriteMem(4 bytes @ 0xE000ED30)  returns 0x01 (0001ms, 36142ms total)
T11B0 6657:441 JLINK_ReadReg(R15 (PC))  returns 0x00401278 (0001ms, 36143ms total)
T1824 6657:443 JLINK_ResetPullsRESET(ON) (0000ms, 36143ms total)
T1824 6657:443 JLINK_ResetNoHalt() >0x2F8 JTAG>TotalIRLen = 4, IRPrint = 0x01 >0x30 JTAG> >0x210 JTAG> >0x70 JTAG> >0x40 JTAG> >0x40 JTAG> >0x40 JTAG> >0x48 JTAG> >0x78 JTAG> >0x40 JTAG> >0x30 JTAG> >0x40 JTAG> >0x40 JTAG> >0x30 JTAG> >0x40 JTAG> >0x48 JTAG>Found Cortex-M4 r0p1, Little endian. -- CPU_WriteMem(4 bytes @ 0xE0002000) -- CPU_ReadMem(4 bytes @ 0xE000EDF0) -- CPU_ReadMem(4 bytes @ 0xE0002000)FPUnit: 6 code (BP) slots and 2 literal slots -- CPU_ReadMem(4 bytes @ 0xE000EDFC)
 -- CPU_ReadMem(4 bytes @ 0xE0001000) -- CPU_ReadMem(4 bytes @ 0xE000ED88) -- CPU_WriteMem(4 bytes @ 0xE000ED88) -- CPU_ReadMem(4 bytes @ 0xE000ED88) -- CPU_WriteMem(4 bytes @ 0xE000ED88)CoreSight components:ROMTbl 0 @ E00FF000 -- CPU_ReadMem(16 bytes @ 0xE00FF000) -- CPU_ReadMem(16 bytes @ 0xE000EFF0) -- CPU_ReadMem(16 bytes @ 0xE000EFE0)ROMTbl 0 [0]: FFF0F000, CID: B105E00D, PID: 000BB000 SCS -- CPU_WriteMem(4 bytes @ 0xE0001000) -- CPU_ReadMem(16 bytes @ 0xE0001FF0)
 -- CPU_ReadMem(16 bytes @ 0xE0001FE0)ROMTbl 0 [1]: FFF02000, CID: B105E00D, PID: 003BB002 DWT -- CPU_ReadMem(16 bytes @ 0xE0002FF0) -- CPU_ReadMem(16 bytes @ 0xE0002FE0)ROMTbl 0 [2]: FFF03000, CID: B105E00D, PID: 002BB003 FPB -- CPU_ReadMem(16 bytes @ 0xE0000FF0) -- CPU_ReadMem(16 bytes @ 0xE0000FE0)ROMTbl 0 [3]: FFF01000, CID: B105E00D, PID: 003BB001 ITM -- CPU_ReadMem(16 bytes @ 0xE00FF010) -- CPU_ReadMem(16 bytes @ 0xE0040FF0) -- CPU_ReadMem(16 bytes @ 0xE0040FE0)
ROMTbl 0 [4]: FFF41000, CID: B105900D, PID: 000BB9A1 TPIU
                JLINK_Reset() -- CPU_ReadMem(16 bytes @ 0x20000000) -- CPU_WriteMem(16 bytes @ 0x20000000) -- CPU_ReadMem(4 bytes @ 0xE000EDFC) -- CPU_WriteMem(4 bytes @ 0xE000EDFC) -- CPU_ReadMem(4 bytes @ 0xE0001000) -- CPU_WriteMem(4 bytes @ 0xE000EDFC) -- CPU_WriteMem(16 bytes @ 0x20000000) -- CPU_WriteMem(4 bytes @ 0xE0002000) -- CPU_ReadMem(4 bytes @ 0xE000EDFC) -- CPU_ReadMem(4 bytes @ 0xE0001000) (0027ms, 0027ms total)
                JLINK_Go() -- CPU_ReadMem(4 bytes @ 0xE0001000) -- CPU_WriteMem(4 bytes @ 0xE0002008) -- CPU_WriteMem(4 bytes @ 0xE000200C) -- CPU_WriteMem(4 bytes @ 0xE0002010) -- CPU_WriteMem(4 bytes @ 0xE0002014) -- CPU_WriteMem(4 bytes @ 0xE0002018) -- CPU_WriteMem(4 bytes @ 0xE000201C) -- CPU_WriteMem(4 bytes @ 0xE0001004) (0004ms, 0031ms total)
               (0060ms, 36203ms total)
T1824 6657:709 JLINK_Close() -- CPU is running -- CPU_WriteMem(4 bytes @ 0xE0002008) -- CPU is running -- CPU_WriteMem(4 bytes @ 0xE000200C) -- CPU is running -- CPU_WriteMem(4 bytes @ 0xE0002010) -- CPU is running -- CPU_WriteMem(4 bytes @ 0xE0002014) -- CPU is running -- CPU_WriteMem(4 bytes @ 0xE0002018) -- CPU is running -- CPU_WriteMem(4 bytes @ 0xE000201C) >0x78 JTAG> >0x08 JTAG> (0007ms, 36210ms total)
T1824 6657:709  (0007ms, 36210ms total)
T1824 6657:709 Closed (0007ms, 36210ms total)
